<?xml version="1.0" encoding="UTF-8"?>
<!-- Generated by org.testng.reporters.JUnitReportReporter -->
<testsuite hostname="jarvis-007" failures="0" tests="1" name="com.selenium.AssertionTest" time="0.608" errors="0" timestamp="25 Jun 2019 02:30:00 GMT" skipped="0">
  <testcase classname="com.selenium.AssertionTest" name="browserTest" time="0.608"/>
</testsuite> <!-- com.selenium.AssertionTest -->
