<?xml version="1.0" encoding="UTF-8"?>
<!-- Generated by org.testng.reporters.JUnitReportReporter -->
<testsuite hostname="jarvis-007" failures="0" tests="1" name="com.selenium.AlphaTest" time="6.623" errors="0" timestamp="24 Jun 2019 13:02:16 GMT" skipped="0">
  <testcase classname="com.selenium.AlphaTest" name="browserTest" time="6.623"/>
</testsuite> <!-- com.selenium.AlphaTest -->
