<?xml version="1.0" encoding="UTF-8"?>
<!-- Generated by org.testng.reporters.JUnitReportReporter -->
<testsuite hostname="jarvis-007" failures="0" tests="1" name="com.selenium.AppTest" time="0.011" errors="0" timestamp="25 Jun 2019 02:15:47 GMT" skipped="0">
  <testcase classname="com.selenium.AppTest" name="testApp" time="0.011"/>
</testsuite> <!-- com.selenium.AppTest -->
