<?xml version="1.0" encoding="UTF-8"?>
<!-- Generated by org.testng.reporters.JUnitReportReporter -->
<testsuite hostname="jarvis-007" failures="0" tests="1" name="com.selenium.AssertionTest" time="0.556" errors="0" timestamp="01 Jul 2019 10:56:56 GMT" skipped="0">
  <testcase classname="com.selenium.AssertionTest" name="browserTest" time="0.556"/>
</testsuite> <!-- com.selenium.AssertionTest -->
